2023-06-20 10:25:20,716 [Worker-6: Loading available Gradle versions] INFO  o.e.b.c.i.u.g.PublishedGradleVersions - Gradle version information cache is up-to-date. Trying to read.
2023-06-20 10:26:47,487 [Worker-0: Importing Maven projects] INFO  o.e.m.c.i.l.LifecycleMappingFactory - Using org.maven.ide.eclipse.wtp.WarLifecycleMapping lifecycle mapping for MavenProject: com.spring.mvc:springmvc:0.0.1-SNAPSHOT @ C:\Users\ss445\OneDrive\Desktop\product_crud_app\productcrudapp\pom.xml.
2023-06-20 10:26:49,821 [Worker-0: Importing Maven projects] INFO  o.e.m.c.i.l.LifecycleMappingFactory - Using org.eclipse.m2e.jdt.JarLifecycleMapping lifecycle mapping for MavenProject: com.test:bootdevtool:0.0.1-SNAPSHOT @ C:\Users\ss445\OneDrive\Desktop\Spring_Boot\bootdevtool\pom.xml.
2023-06-20 10:26:51,152 [Worker-0: Importing Maven projects] INFO  o.e.m.c.i.l.LifecycleMappingFactory - Using org.eclipse.m2e.jdt.JarLifecycleMapping lifecycle mapping for MavenProject: com.jpa.test:bootjpaexample:0.0.1-SNAPSHOT @ C:\Users\ss445\OneDrive\Desktop\Spring_Boot\bootjpaexample\pom.xml.
2023-06-20 10:26:51,819 [Worker-0: Importing Maven projects] INFO  o.e.m.c.i.l.LifecycleMappingFactory - Using org.eclipse.m2e.jdt.JarLifecycleMapping lifecycle mapping for MavenProject: com.book:bootrestbook:0.0.1-SNAPSHOT @ C:\Users\ss445\OneDrive\Desktop\Spring_Boot\bootrestbook\pom.xml.
2023-06-20 10:26:51,985 [Worker-0: Importing Maven projects] INFO  o.e.m.c.i.l.LifecycleMappingFactory - Using org.eclipse.m2e.jdt.JarLifecycleMapping lifecycle mapping for MavenProject: com.email:emailapi:0.0.1-SNAPSHOT @ C:\Users\ss445\OneDrive\Desktop\Spring_Boot\emailapi\emailapi\pom.xml.
2023-06-20 10:26:52,093 [Worker-0: Importing Maven projects] INFO  o.e.m.c.i.l.LifecycleMappingFactory - Using org.eclipse.m2e.jdt.JarLifecycleMapping lifecycle mapping for MavenProject: com.restjpa:restjpa:0.0.1-SNAPSHOT @ C:\Users\ss445\OneDrive\Desktop\Spring_Boot\restjpa\pom.xml.
2023-06-20 10:26:52,182 [Worker-0: Importing Maven projects] INFO  o.e.m.c.i.l.LifecycleMappingFactory - Using org.eclipse.m2e.jdt.JarLifecycleMapping lifecycle mapping for MavenProject: com.smart:smartcontactmanager:0.0.1-SNAPSHOT @ C:\Users\ss445\OneDrive\Desktop\Spring_Boot\smartcontactmanager\pom.xml.
2023-06-20 10:26:52,571 [Worker-0: Importing Maven projects] WARN  o.e.m.c.i.embedder.EclipseLogger - The artifact org.hibernate:hibernate-validator:jar:8.0.0.Final has been relocated to org.hibernate.validator:hibernate-validator:jar:8.0.0.Final
2023-06-20 10:26:52,638 [Worker-0: Importing Maven projects] INFO  o.e.m.c.i.l.LifecycleMappingFactory - Using org.eclipse.m2e.jdt.JarLifecycleMapping lifecycle mapping for MavenProject: com.practice:thymeleafPractical:0.0.1-SNAPSHOT @ C:\Users\ss445\OneDrive\Desktop\Spring_Boot\thymeleafPractical\pom.xml.
2023-06-20 10:26:57,751 [Worker-3: Download sources and javadoc] INFO  o.e.m.c.i.e.AbstractTransferListenerAdapter - Downloading https://repo.maven.apache.org/maven2/org/springframework/boot/spring-boot-starter-actuator/3.1.0/spring-boot-starter-actuator-3.1.0-sources.jar
2023-06-20 10:26:57,825 [Worker-3: Download sources and javadoc] INFO  o.e.m.c.i.e.AbstractTransferListenerAdapter - Downloaded https://repo.maven.apache.org/maven2/org/springframework/boot/spring-boot-starter-actuator/3.1.0/spring-boot-starter-actuator-3.1.0-sources.jar
2023-06-20 10:26:57,830 [Worker-3: Download sources and javadoc] INFO  o.e.m.j.internal.DownloadSourcesJob - Downloaded sources for org.springframework.boot:spring-boot-starter-actuator:3.1.0
2023-06-20 10:26:57,883 [Worker-3: Download sources and javadoc] INFO  o.e.m.c.i.e.AbstractTransferListenerAdapter - Downloading https://repo.maven.apache.org/maven2/org/springframework/boot/spring-boot-actuator-autoconfigure/3.1.0/spring-boot-actuator-autoconfigure-3.1.0-sources.jar
2023-06-20 10:26:58,177 [Worker-3: Download sources and javadoc] INFO  o.e.m.c.i.e.AbstractTransferListenerAdapter - Downloaded https://repo.maven.apache.org/maven2/org/springframework/boot/spring-boot-actuator-autoconfigure/3.1.0/spring-boot-actuator-autoconfigure-3.1.0-sources.jar
2023-06-20 10:26:58,180 [Worker-3: Download sources and javadoc] INFO  o.e.m.j.internal.DownloadSourcesJob - Downloaded sources for org.springframework.boot:spring-boot-actuator-autoconfigure:3.1.0
2023-06-20 10:26:58,226 [Worker-3: Download sources and javadoc] INFO  o.e.m.c.i.e.AbstractTransferListenerAdapter - Downloading https://repo.maven.apache.org/maven2/org/springframework/boot/spring-boot-actuator/3.1.0/spring-boot-actuator-3.1.0-sources.jar
2023-06-20 10:26:58,505 [Worker-3: Download sources and javadoc] INFO  o.e.m.c.i.e.AbstractTransferListenerAdapter - Downloaded https://repo.maven.apache.org/maven2/org/springframework/boot/spring-boot-actuator/3.1.0/spring-boot-actuator-3.1.0-sources.jar
2023-06-20 10:26:58,508 [Worker-3: Download sources and javadoc] INFO  o.e.m.j.internal.DownloadSourcesJob - Downloaded sources for org.springframework.boot:spring-boot-actuator:3.1.0
2023-06-20 10:26:58,552 [Worker-3: Download sources and javadoc] INFO  o.e.m.c.i.e.AbstractTransferListenerAdapter - Downloading https://repo.maven.apache.org/maven2/io/micrometer/micrometer-core/1.11.0/micrometer-core-1.11.0-sources.jar
2023-06-20 10:26:58,859 [Worker-3: Download sources and javadoc] INFO  o.e.m.c.i.e.AbstractTransferListenerAdapter - Downloaded https://repo.maven.apache.org/maven2/io/micrometer/micrometer-core/1.11.0/micrometer-core-1.11.0-sources.jar
2023-06-20 10:26:58,865 [Worker-3: Download sources and javadoc] INFO  o.e.m.j.internal.DownloadSourcesJob - Downloaded sources for io.micrometer:micrometer-core:1.11.0
2023-06-20 10:26:58,908 [Worker-3: Download sources and javadoc] INFO  o.e.m.c.i.e.AbstractTransferListenerAdapter - Downloading https://repo.maven.apache.org/maven2/org/hdrhistogram/HdrHistogram/2.1.12/HdrHistogram-2.1.12-sources.jar
2023-06-20 10:26:59,011 [Worker-3: Download sources and javadoc] INFO  o.e.m.c.i.e.AbstractTransferListenerAdapter - Downloaded https://repo.maven.apache.org/maven2/org/hdrhistogram/HdrHistogram/2.1.12/HdrHistogram-2.1.12-sources.jar
2023-06-20 10:26:59,013 [Worker-3: Download sources and javadoc] INFO  o.e.m.j.internal.DownloadSourcesJob - Downloaded sources for org.hdrhistogram:HdrHistogram:2.1.12
2023-06-20 10:26:59,054 [Worker-3: Download sources and javadoc] INFO  o.e.m.c.i.e.AbstractTransferListenerAdapter - Downloading https://repo.maven.apache.org/maven2/org/latencyutils/LatencyUtils/2.0.3/LatencyUtils-2.0.3-sources.jar
2023-06-20 10:26:59,149 [Worker-3: Download sources and javadoc] INFO  o.e.m.c.i.e.AbstractTransferListenerAdapter - Downloaded https://repo.maven.apache.org/maven2/org/latencyutils/LatencyUtils/2.0.3/LatencyUtils-2.0.3-sources.jar
2023-06-20 10:26:59,152 [Worker-3: Download sources and javadoc] INFO  o.e.m.j.internal.DownloadSourcesJob - Downloaded sources for org.latencyutils:LatencyUtils:2.0.3
2023-06-20 10:27:01,575 [Worker-0: Importing Maven projects] INFO  o.e.m.j.i.AbstractJavaProjectConfigurator - Adding source folder /springmvc/src/main/java
2023-06-20 10:27:01,576 [Worker-0: Importing Maven projects] INFO  o.e.m.j.i.AbstractJavaProjectConfigurator - Adding resource folder /springmvc/src/main/resources
2023-06-20 10:27:01,576 [Worker-0: Importing Maven projects] INFO  o.e.m.j.i.AbstractJavaProjectConfigurator - Adding source folder /springmvc/src/test/java
2023-06-20 10:27:02,769 [Worker-0: Importing Maven projects] INFO  o.e.m.j.i.AbstractJavaProjectConfigurator - Adding source folder /bootdevtool/src/main/java
2023-06-20 10:27:02,769 [Worker-0: Importing Maven projects] INFO  o.e.m.j.i.AbstractJavaProjectConfigurator - Adding resource folder /bootdevtool/src/main/resources
2023-06-20 10:27:02,770 [Worker-0: Importing Maven projects] INFO  o.e.m.j.i.AbstractJavaProjectConfigurator - Adding resource folder /bootdevtool/src/main/resources
2023-06-20 10:27:02,771 [Worker-0: Importing Maven projects] INFO  o.e.m.j.i.AbstractJavaProjectConfigurator - Adding source folder /bootdevtool/src/test/java
2023-06-20 10:27:03,088 [Worker-0: Importing Maven projects] INFO  o.e.m.j.i.AbstractJavaProjectConfigurator - Adding source folder /emailapi/src/main/java
2023-06-20 10:27:03,089 [Worker-0: Importing Maven projects] INFO  o.e.m.j.i.AbstractJavaProjectConfigurator - Adding resource folder /emailapi/src/main/resources
2023-06-20 10:27:03,104 [Worker-0: Importing Maven projects] INFO  o.e.m.j.i.AbstractJavaProjectConfigurator - Adding resource folder /emailapi/src/main/resources
2023-06-20 10:27:03,121 [Worker-0: Importing Maven projects] INFO  o.e.m.j.i.AbstractJavaProjectConfigurator - Adding source folder /emailapi/src/test/java
2023-06-20 10:27:03,653 [Worker-0: Importing Maven projects] INFO  o.e.m.j.i.AbstractJavaProjectConfigurator - Adding source folder /restjpa/src/main/java
2023-06-20 10:27:03,654 [Worker-0: Importing Maven projects] INFO  o.e.m.j.i.AbstractJavaProjectConfigurator - Adding resource folder /restjpa/src/main/resources
2023-06-20 10:27:03,659 [Worker-0: Importing Maven projects] INFO  o.e.m.j.i.AbstractJavaProjectConfigurator - Adding resource folder /restjpa/src/main/resources
2023-06-20 10:27:03,665 [Worker-0: Importing Maven projects] INFO  o.e.m.j.i.AbstractJavaProjectConfigurator - Adding source folder /restjpa/src/test/java
2023-06-20 10:27:04,283 [Worker-0: Importing Maven projects] INFO  o.e.m.j.i.AbstractJavaProjectConfigurator - Adding source folder /thymeleafPractical/src/main/java
2023-06-20 10:27:04,283 [Worker-0: Importing Maven projects] INFO  o.e.m.j.i.AbstractJavaProjectConfigurator - Adding resource folder /thymeleafPractical/src/main/resources
2023-06-20 10:27:04,284 [Worker-0: Importing Maven projects] INFO  o.e.m.j.i.AbstractJavaProjectConfigurator - Adding resource folder /thymeleafPractical/src/main/resources
2023-06-20 10:27:04,285 [Worker-0: Importing Maven projects] INFO  o.e.m.j.i.AbstractJavaProjectConfigurator - Adding source folder /thymeleafPractical/src/test/java
2023-06-20 10:27:04,739 [Worker-0: Importing Maven projects] INFO  o.e.m.j.i.AbstractJavaProjectConfigurator - Adding source folder /bootrestbook/src/main/java
2023-06-20 10:27:04,739 [Worker-0: Importing Maven projects] INFO  o.e.m.j.i.AbstractJavaProjectConfigurator - Adding resource folder /bootrestbook/src/main/resources
2023-06-20 10:27:04,746 [Worker-0: Importing Maven projects] INFO  o.e.m.j.i.AbstractJavaProjectConfigurator - Adding resource folder /bootrestbook/src/main/resources
2023-06-20 10:27:04,753 [Worker-0: Importing Maven projects] INFO  o.e.m.j.i.AbstractJavaProjectConfigurator - Adding source folder /bootrestbook/src/test/java
2023-06-20 10:27:05,576 [Worker-0: Importing Maven projects] INFO  o.e.m.j.i.AbstractJavaProjectConfigurator - Adding source folder /smartcontactmanager/src/main/java
2023-06-20 10:27:05,577 [Worker-0: Importing Maven projects] INFO  o.e.m.j.i.AbstractJavaProjectConfigurator - Adding resource folder /smartcontactmanager/src/main/resources
2023-06-20 10:27:05,578 [Worker-0: Importing Maven projects] INFO  o.e.m.j.i.AbstractJavaProjectConfigurator - Adding resource folder /smartcontactmanager/src/main/resources
2023-06-20 10:27:05,579 [Worker-0: Importing Maven projects] INFO  o.e.m.j.i.AbstractJavaProjectConfigurator - Adding source folder /smartcontactmanager/src/test/java
2023-06-20 10:27:06,277 [Worker-0: Importing Maven projects] INFO  o.e.m.j.i.AbstractJavaProjectConfigurator - Adding source folder /bootjpaexample/src/main/java
2023-06-20 10:27:06,278 [Worker-0: Importing Maven projects] INFO  o.e.m.j.i.AbstractJavaProjectConfigurator - Adding resource folder /bootjpaexample/src/main/resources
2023-06-20 10:27:06,279 [Worker-0: Importing Maven projects] INFO  o.e.m.j.i.AbstractJavaProjectConfigurator - Adding resource folder /bootjpaexample/src/main/resources
2023-06-20 10:27:06,280 [Worker-0: Importing Maven projects] INFO  o.e.m.j.i.AbstractJavaProjectConfigurator - Adding source folder /bootjpaexample/src/test/java
2023-06-20 10:27:06,681 [Worker-0: Importing Maven projects] INFO  o.e.m.c.i.p.ProjectConfigurationManager - Imported and configured 8 project(s) in 27 sec
2023-06-20 10:27:08,128 [Worker-5: Updating Maven Project] INFO  o.e.m.c.i.p.ProjectConfigurationManager - Update started
2023-06-20 10:27:09,188 [Worker-5: Updating Maven Project] INFO  o.e.m.c.i.l.LifecycleMappingFactory - Using org.eclipse.m2e.jdt.JarLifecycleMapping lifecycle mapping for MavenProject: com.test:bootdevtool:0.0.1-SNAPSHOT @ C:\Users\ss445\OneDrive\Desktop\Spring_Boot\bootdevtool\pom.xml.
2023-06-20 10:27:09,291 [Worker-10: Download sources and javadoc] INFO  o.e.m.c.i.e.AbstractTransferListenerAdapter - Downloading https://repo.maven.apache.org/maven2/com/sun/mail/javax.mail/1.6.2/javax.mail-1.6.2-sources.jar
2023-06-20 10:27:09,461 [Worker-5: Updating Maven Project] INFO  o.e.m.c.i.l.LifecycleMappingFactory - Using org.eclipse.m2e.jdt.JarLifecycleMapping lifecycle mapping for MavenProject: com.book:bootrestbook:0.0.1-SNAPSHOT @ C:\Users\ss445\OneDrive\Desktop\Spring_Boot\bootrestbook\pom.xml.
2023-06-20 10:27:09,593 [Worker-5: Updating Maven Project] INFO  o.e.m.c.i.l.LifecycleMappingFactory - Using org.eclipse.m2e.jdt.JarLifecycleMapping lifecycle mapping for MavenProject: com.practice:thymeleafPractical:0.0.1-SNAPSHOT @ C:\Users\ss445\OneDrive\Desktop\Spring_Boot\thymeleafPractical\pom.xml.
2023-06-20 10:27:10,455 [Worker-10: Download sources and javadoc] INFO  o.e.m.c.i.e.AbstractTransferListenerAdapter - Downloaded https://repo.maven.apache.org/maven2/com/sun/mail/javax.mail/1.6.2/javax.mail-1.6.2-sources.jar
2023-06-20 10:27:10,459 [Worker-10: Download sources and javadoc] INFO  o.e.m.j.internal.DownloadSourcesJob - Downloaded sources for com.sun.mail:javax.mail:1.6.2
2023-06-20 10:27:10,524 [Worker-10: Download sources and javadoc] INFO  o.e.m.c.i.e.AbstractTransferListenerAdapter - Downloading https://repo.maven.apache.org/maven2/javax/activation/activation/1.1/activation-1.1-sources.jar
2023-06-20 10:27:10,647 [Worker-10: Download sources and javadoc] INFO  o.e.m.c.i.e.AbstractTransferListenerAdapter - Downloaded https://repo.maven.apache.org/maven2/javax/activation/activation/1.1/activation-1.1-sources.jar
2023-06-20 10:27:10,651 [Worker-10: Download sources and javadoc] INFO  o.e.m.j.internal.DownloadSourcesJob - Downloaded sources for javax.activation:activation:1.1
2023-06-20 10:27:10,772 [Worker-5: Updating Maven Project] INFO  o.e.m.j.i.AbstractJavaProjectConfigurator - Adding source folder /bootdevtool/src/main/java
2023-06-20 10:27:10,773 [Worker-5: Updating Maven Project] INFO  o.e.m.j.i.AbstractJavaProjectConfigurator - Adding resource folder /bootdevtool/src/main/resources
2023-06-20 10:27:10,773 [Worker-5: Updating Maven Project] INFO  o.e.m.j.i.AbstractJavaProjectConfigurator - Adding resource folder /bootdevtool/src/main/resources
2023-06-20 10:27:10,774 [Worker-5: Updating Maven Project] INFO  o.e.m.j.i.AbstractJavaProjectConfigurator - Adding source folder /bootdevtool/src/test/java
2023-06-20 10:27:11,141 [Worker-5: Updating Maven Project] INFO  o.e.m.j.i.AbstractJavaProjectConfigurator - Adding source folder /bootrestbook/src/main/java
2023-06-20 10:27:11,142 [Worker-5: Updating Maven Project] INFO  o.e.m.j.i.AbstractJavaProjectConfigurator - Adding resource folder /bootrestbook/src/main/resources
2023-06-20 10:27:11,143 [Worker-5: Updating Maven Project] INFO  o.e.m.j.i.AbstractJavaProjectConfigurator - Adding resource folder /bootrestbook/src/main/resources
2023-06-20 10:27:11,144 [Worker-5: Updating Maven Project] INFO  o.e.m.j.i.AbstractJavaProjectConfigurator - Adding source folder /bootrestbook/src/test/java
2023-06-20 10:27:11,619 [Worker-5: Updating Maven Project] INFO  o.e.m.j.i.AbstractJavaProjectConfigurator - Adding source folder /thymeleafPractical/src/main/java
2023-06-20 10:27:11,620 [Worker-5: Updating Maven Project] INFO  o.e.m.j.i.AbstractJavaProjectConfigurator - Adding resource folder /thymeleafPractical/src/main/resources
2023-06-20 10:27:11,621 [Worker-5: Updating Maven Project] INFO  o.e.m.j.i.AbstractJavaProjectConfigurator - Adding resource folder /thymeleafPractical/src/main/resources
2023-06-20 10:27:11,622 [Worker-5: Updating Maven Project] INFO  o.e.m.j.i.AbstractJavaProjectConfigurator - Adding source folder /thymeleafPractical/src/test/java
2023-06-20 10:27:12,479 [Worker-9: Updating Maven Project] INFO  o.e.m.c.i.p.ProjectConfigurationManager - Update started
2023-06-20 10:27:13,337 [Worker-9: Updating Maven Project] INFO  o.e.m.c.i.l.LifecycleMappingFactory - Using org.eclipse.m2e.jdt.JarLifecycleMapping lifecycle mapping for MavenProject: com.jpa.test:bootjpaexample:0.0.1-SNAPSHOT @ C:\Users\ss445\OneDrive\Desktop\Spring_Boot\bootjpaexample\pom.xml.
2023-06-20 10:27:13,545 [Worker-9: Updating Maven Project] INFO  o.e.m.c.i.l.LifecycleMappingFactory - Using org.eclipse.m2e.jdt.JarLifecycleMapping lifecycle mapping for MavenProject: com.email:emailapi:0.0.1-SNAPSHOT @ C:\Users\ss445\OneDrive\Desktop\Spring_Boot\emailapi\emailapi\pom.xml.
2023-06-20 10:27:13,652 [Worker-9: Updating Maven Project] INFO  o.e.m.c.i.l.LifecycleMappingFactory - Using org.eclipse.m2e.jdt.JarLifecycleMapping lifecycle mapping for MavenProject: com.restjpa:restjpa:0.0.1-SNAPSHOT @ C:\Users\ss445\OneDrive\Desktop\Spring_Boot\restjpa\pom.xml.
2023-06-20 10:27:13,734 [Worker-9: Updating Maven Project] INFO  o.e.m.c.i.l.LifecycleMappingFactory - Using org.eclipse.m2e.jdt.JarLifecycleMapping lifecycle mapping for MavenProject: com.smart:smartcontactmanager:0.0.1-SNAPSHOT @ C:\Users\ss445\OneDrive\Desktop\Spring_Boot\smartcontactmanager\pom.xml.
2023-06-20 10:27:13,780 [Worker-9: Updating Maven Project] WARN  o.e.m.c.i.embedder.EclipseLogger - The artifact org.hibernate:hibernate-validator:jar:8.0.0.Final has been relocated to org.hibernate.validator:hibernate-validator:jar:8.0.0.Final
2023-06-20 10:27:14,028 [Worker-9: Updating Maven Project] INFO  o.e.m.c.i.l.LifecycleMappingFactory - Using org.maven.ide.eclipse.wtp.WarLifecycleMapping lifecycle mapping for MavenProject: com.spring.mvc:springmvc:0.0.1-SNAPSHOT @ C:\Users\ss445\OneDrive\Desktop\product_crud_app\productcrudapp\pom.xml.
2023-06-20 10:27:16,713 [Worker-9: Updating Maven Project] INFO  o.e.m.j.i.AbstractJavaProjectConfigurator - Adding source folder /bootjpaexample/src/main/java
2023-06-20 10:27:16,714 [Worker-9: Updating Maven Project] INFO  o.e.m.j.i.AbstractJavaProjectConfigurator - Adding resource folder /bootjpaexample/src/main/resources
2023-06-20 10:27:16,714 [Worker-9: Updating Maven Project] INFO  o.e.m.j.i.AbstractJavaProjectConfigurator - Adding resource folder /bootjpaexample/src/main/resources
2023-06-20 10:27:16,715 [Worker-9: Updating Maven Project] INFO  o.e.m.j.i.AbstractJavaProjectConfigurator - Adding source folder /bootjpaexample/src/test/java
2023-06-20 10:27:17,039 [Worker-9: Updating Maven Project] INFO  o.e.m.j.i.AbstractJavaProjectConfigurator - Adding source folder /emailapi/src/main/java
2023-06-20 10:27:17,040 [Worker-9: Updating Maven Project] INFO  o.e.m.j.i.AbstractJavaProjectConfigurator - Adding resource folder /emailapi/src/main/resources
2023-06-20 10:27:17,040 [Worker-9: Updating Maven Project] INFO  o.e.m.j.i.AbstractJavaProjectConfigurator - Adding resource folder /emailapi/src/main/resources
2023-06-20 10:27:17,041 [Worker-9: Updating Maven Project] INFO  o.e.m.j.i.AbstractJavaProjectConfigurator - Adding source folder /emailapi/src/test/java
2023-06-20 10:27:17,329 [Worker-9: Updating Maven Project] INFO  o.e.m.j.i.AbstractJavaProjectConfigurator - Adding source folder /restjpa/src/main/java
2023-06-20 10:27:17,330 [Worker-9: Updating Maven Project] INFO  o.e.m.j.i.AbstractJavaProjectConfigurator - Adding resource folder /restjpa/src/main/resources
2023-06-20 10:27:17,330 [Worker-9: Updating Maven Project] INFO  o.e.m.j.i.AbstractJavaProjectConfigurator - Adding resource folder /restjpa/src/main/resources
2023-06-20 10:27:17,331 [Worker-9: Updating Maven Project] INFO  o.e.m.j.i.AbstractJavaProjectConfigurator - Adding source folder /restjpa/src/test/java
2023-06-20 10:27:17,826 [Worker-9: Updating Maven Project] INFO  o.e.m.j.i.AbstractJavaProjectConfigurator - Adding source folder /smartcontactmanager/src/main/java
2023-06-20 10:27:17,826 [Worker-9: Updating Maven Project] INFO  o.e.m.j.i.AbstractJavaProjectConfigurator - Adding resource folder /smartcontactmanager/src/main/resources
2023-06-20 10:27:17,827 [Worker-9: Updating Maven Project] INFO  o.e.m.j.i.AbstractJavaProjectConfigurator - Adding resource folder /smartcontactmanager/src/main/resources
2023-06-20 10:27:17,828 [Worker-9: Updating Maven Project] INFO  o.e.m.j.i.AbstractJavaProjectConfigurator - Adding source folder /smartcontactmanager/src/test/java
2023-06-20 10:27:18,382 [Worker-9: Updating Maven Project] INFO  o.e.m.j.i.AbstractJavaProjectConfigurator - Adding source folder /springmvc/src/main/java
2023-06-20 10:27:18,384 [Worker-9: Updating Maven Project] INFO  o.e.m.j.i.AbstractJavaProjectConfigurator - Adding resource folder /springmvc/src/main/resources
2023-06-20 10:27:18,387 [Worker-9: Updating Maven Project] INFO  o.e.m.j.i.AbstractJavaProjectConfigurator - Adding source folder /springmvc/src/test/java
